2025-06-09 09:37:38,415 - INFO - \U0001f504 Fetching reviews for Commercial Bank of Ethiopia...
2025-06-09 09:37:39,325 - INFO - \u2705 Fetched 0 reviews for Commercial Bank of Ethiopia
2025-06-09 09:37:39,326 - INFO - \u2705 Saved 0 reviews for Commercial Bank of Ethiopia to CBE_reviews_20250609_093739.csv
2025-06-09 09:37:39,328 - INFO - \U0001f504 Fetching reviews for Bank of Abyssinia...
2025-06-09 09:37:40,125 - INFO - \u2705 Fetched 0 reviews for Bank of Abyssinia
2025-06-09 09:37:40,126 - INFO - \u2705 Saved 0 reviews for Bank of Abyssinia to BOA_reviews_20250609_093740.csv
2025-06-09 09:37:40,126 - INFO - \U0001f504 Fetching reviews for Dashen Bank Super App...
2025-06-09 09:37:40,841 - INFO - \u2705 Fetched 0 reviews for Dashen Bank Super App
2025-06-09 09:37:40,843 - INFO - \u2705 Saved 0 reviews for Dashen Bank Super App to Dashen_reviews_20250609_093740.csv
2025-06-09 09:39:41,982 - INFO - \U0001f504 Fetching reviews for Commercial Bank of Ethiopia...
2025-06-09 09:39:42,665 - INFO - \u2705 Fetched 0 reviews for Commercial Bank of Ethiopia
2025-06-09 09:39:42,666 - INFO - \u2705 Saved 0 reviews for Commercial Bank of Ethiopia to data\CBE_reviews_20250609_093942.csv
2025-06-09 09:39:42,667 - INFO - \U0001f504 Fetching reviews for Bank of Abyssinia...
2025-06-09 09:39:43,271 - INFO - \u2705 Fetched 0 reviews for Bank of Abyssinia
2025-06-09 09:39:43,272 - INFO - \u2705 Saved 0 reviews for Bank of Abyssinia to data\BOA_reviews_20250609_093943.csv
2025-06-09 09:39:43,273 - INFO - \U0001f504 Fetching reviews for Dashen Bank Super App...
2025-06-09 09:39:43,941 - INFO - \u2705 Fetched 0 reviews for Dashen Bank Super App
2025-06-09 09:39:43,942 - INFO - \u2705 Saved 0 reviews for Dashen Bank Super App to data\Dashen_reviews_20250609_093943.csv
2025-06-09 09:40:43,987 - INFO - \U0001f504 Fetching reviews for Commercial Bank of Ethiopia...
2025-06-09 09:40:44,720 - INFO - \u2705 Fetched 0 reviews for Commercial Bank of Ethiopia
2025-06-09 09:40:44,721 - INFO - \u2705 Saved 0 reviews for Commercial Bank of Ethiopia to data\CBE_reviews_20250609_094044.csv
2025-06-09 09:40:44,723 - INFO - \U0001f504 Fetching reviews for Bank of Abyssinia...
2025-06-09 09:40:45,333 - INFO - \u2705 Fetched 0 reviews for Bank of Abyssinia
2025-06-09 09:40:45,335 - INFO - \u2705 Saved 0 reviews for Bank of Abyssinia to data\BOA_reviews_20250609_094045.csv
2025-06-09 09:40:45,336 - INFO - \U0001f504 Fetching reviews for Dashen Bank Super App...
2025-06-09 09:40:46,005 - INFO - \u2705 Fetched 0 reviews for Dashen Bank Super App
2025-06-09 09:40:46,007 - INFO - \u2705 Saved 0 reviews for Dashen Bank Super App to data\Dashen_reviews_20250609_094046.csv
2025-06-09 10:06:08,694 - INFO -  Fetching reviews for Commercial Bank of Ethiopia...
2025-06-09 10:06:09,784 - INFO - \u2705 Fetched 0 reviews for Commercial Bank of Ethiopia
2025-06-09 10:06:09,785 - INFO - \u2705 Saved 0 reviews for Commercial Bank of Ethiopia to data\CBE_reviews_20250609_100609.csv
2025-06-09 10:06:09,785 - INFO -  Fetching reviews for Bank of Abyssinia...
2025-06-09 10:06:10,834 - INFO - \u2705 Fetched 0 reviews for Bank of Abyssinia
2025-06-09 10:06:10,836 - INFO - \u2705 Saved 0 reviews for Bank of Abyssinia to data\BOA_reviews_20250609_100610.csv
2025-06-09 10:06:10,836 - INFO -  Fetching reviews for Dashen Bank Super App...
2025-06-09 10:06:11,554 - INFO - \u2705 Fetched 0 reviews for Dashen Bank Super App
2025-06-09 10:06:11,554 - INFO - \u2705 Saved 0 reviews for Dashen Bank Super App to data\Dashen_reviews_20250609_100611.csv
2025-06-09 10:07:11,579 - INFO -  Fetching reviews for Commercial Bank of Ethiopia...
2025-06-09 10:07:12,282 - INFO - \u2705 Fetched 0 reviews for Commercial Bank of Ethiopia
2025-06-09 10:07:12,283 - INFO - \u2705 Saved 0 reviews for Commercial Bank of Ethiopia to data\CBE_reviews_20250609_100712.csv
2025-06-09 10:07:12,283 - INFO -  Fetching reviews for Bank of Abyssinia...
2025-06-09 10:07:12,949 - INFO - \u2705 Fetched 0 reviews for Bank of Abyssinia
2025-06-09 10:07:12,949 - INFO - \u2705 Saved 0 reviews for Bank of Abyssinia to data\BOA_reviews_20250609_100712.csv
2025-06-09 10:07:12,950 - INFO -  Fetching reviews for Dashen Bank Super App...
2025-06-09 10:07:13,625 - INFO - \u2705 Fetched 0 reviews for Dashen Bank Super App
2025-06-09 10:07:13,627 - INFO - \u2705 Saved 0 reviews for Dashen Bank Super App to data\Dashen_reviews_20250609_100713.csv
2025-06-09 10:08:13,653 - INFO -  Fetching reviews for Commercial Bank of Ethiopia...
2025-06-09 10:08:14,247 - INFO - \u2705 Fetched 0 reviews for Commercial Bank of Ethiopia
2025-06-09 10:08:14,247 - INFO - \u2705 Saved 0 reviews for Commercial Bank of Ethiopia to data\CBE_reviews_20250609_100814.csv
2025-06-09 10:08:14,248 - INFO -  Fetching reviews for Bank of Abyssinia...
2025-06-09 10:08:14,922 - INFO - \u2705 Fetched 0 reviews for Bank of Abyssinia
2025-06-09 10:08:14,923 - INFO - \u2705 Saved 0 reviews for Bank of Abyssinia to data\BOA_reviews_20250609_100814.csv
2025-06-09 10:08:14,923 - INFO -  Fetching reviews for Dashen Bank Super App...
2025-06-09 10:08:15,609 - INFO - \u2705 Fetched 0 reviews for Dashen Bank Super App
2025-06-09 10:08:15,610 - INFO - \u2705 Saved 0 reviews for Dashen Bank Super App to data\Dashen_reviews_20250609_100815.csv
2025-06-09 10:09:15,634 - INFO -  Fetching reviews for Commercial Bank of Ethiopia...
2025-06-09 10:09:16,584 - INFO - \u2705 Fetched 0 reviews for Commercial Bank of Ethiopia
2025-06-09 10:09:16,585 - INFO - \u2705 Saved 0 reviews for Commercial Bank of Ethiopia to data\CBE_reviews_20250609_100916.csv
2025-06-09 10:09:16,585 - INFO -  Fetching reviews for Bank of Abyssinia...
2025-06-09 10:09:17,309 - INFO - \u2705 Fetched 0 reviews for Bank of Abyssinia
2025-06-09 10:09:17,310 - INFO - \u2705 Saved 0 reviews for Bank of Abyssinia to data\BOA_reviews_20250609_100917.csv
2025-06-09 10:09:17,310 - INFO -  Fetching reviews for Dashen Bank Super App...
2025-06-09 10:09:17,916 - INFO - \u2705 Fetched 0 reviews for Dashen Bank Super App
2025-06-09 10:09:17,916 - INFO - \u2705 Saved 0 reviews for Dashen Bank Super App to data\Dashen_reviews_20250609_100917.csv
2025-06-09 10:11:23,095 - INFO -  Fetching reviews for Commercial Bank of Ethiopia...
2025-06-09 10:11:23,821 - INFO - \u2705 Fetched 0 reviews for Commercial Bank of Ethiopia
2025-06-09 10:11:23,834 - INFO - \u2705 Saved 0 reviews for Commercial Bank of Ethiopia to data\CBE_reviews_20250609_101123.csv
2025-06-09 10:11:23,835 - INFO -  Fetching reviews for Bank of Abyssinia...
2025-06-09 10:11:24,554 - INFO - \u2705 Fetched 0 reviews for Bank of Abyssinia
2025-06-09 10:11:24,554 - INFO - \u2705 Saved 0 reviews for Bank of Abyssinia to data\BOA_reviews_20250609_101124.csv
2025-06-09 10:11:24,555 - INFO -  Fetching reviews for Dashen Bank Super App...
2025-06-09 10:11:25,221 - INFO - \u2705 Fetched 0 reviews for Dashen Bank Super App
2025-06-09 10:11:25,223 - INFO - \u2705 Saved 0 reviews for Dashen Bank Super App to data\Dashen_reviews_20250609_101125.csv
2025-06-09 10:12:25,256 - INFO -  Fetching reviews for Commercial Bank of Ethiopia...
2025-06-09 10:12:25,864 - INFO - \u2705 Fetched 0 reviews for Commercial Bank of Ethiopia
2025-06-09 10:12:25,865 - INFO - \u2705 Saved 0 reviews for Commercial Bank of Ethiopia to data\CBE_reviews_20250609_101225.csv
2025-06-09 10:12:25,865 - INFO -  Fetching reviews for Bank of Abyssinia...
2025-06-09 10:12:26,479 - INFO - \u2705 Fetched 0 reviews for Bank of Abyssinia
2025-06-09 10:12:26,480 - INFO - \u2705 Saved 0 reviews for Bank of Abyssinia to data\BOA_reviews_20250609_101226.csv
2025-06-09 10:12:26,480 - INFO -  Fetching reviews for Dashen Bank Super App...
2025-06-09 10:12:27,082 - INFO - \u2705 Fetched 0 reviews for Dashen Bank Super App
2025-06-09 10:12:27,082 - INFO - \u2705 Saved 0 reviews for Dashen Bank Super App to data\Dashen_reviews_20250609_101227.csv
2025-06-09 10:13:27,113 - INFO -  Fetching reviews for Commercial Bank of Ethiopia...
2025-06-09 10:14:09,750 - INFO - \u2705 Fetched 0 reviews for Commercial Bank of Ethiopia
2025-06-09 10:14:09,751 - INFO - \u2705 Saved 0 reviews for Commercial Bank of Ethiopia to data\CBE_reviews_20250609_101409.csv
2025-06-09 10:14:09,751 - INFO -  Fetching reviews for Bank of Abyssinia...
2025-06-09 10:15:12,858 - INFO - \u2705 Fetched 0 reviews for Bank of Abyssinia
2025-06-09 10:15:12,859 - INFO - \u2705 Saved 0 reviews for Bank of Abyssinia to data\BOA_reviews_20250609_101512.csv
2025-06-09 10:15:12,860 - INFO -  Fetching reviews for Dashen Bank Super App...
2025-06-09 10:15:34,326 - INFO - \u2705 Fetched 0 reviews for Dashen Bank Super App
2025-06-09 10:15:34,326 - INFO - \u2705 Saved 0 reviews for Dashen Bank Super App to data\Dashen_reviews_20250609_101534.csv
2025-06-09 10:16:34,372 - INFO -  Fetching reviews for Commercial Bank of Ethiopia...
2025-06-09 10:17:16,706 - INFO - \u2705 Fetched 0 reviews for Commercial Bank of Ethiopia
2025-06-09 10:17:16,708 - INFO - \u2705 Saved 0 reviews for Commercial Bank of Ethiopia to data\CBE_reviews_20250609_101716.csv
2025-06-09 10:17:16,708 - INFO -  Fetching reviews for Bank of Abyssinia...
2025-06-09 10:18:06,367 - INFO - \u2705 Fetched 0 reviews for Bank of Abyssinia
2025-06-09 10:18:06,368 - INFO - \u2705 Saved 0 reviews for Bank of Abyssinia to data\BOA_reviews_20250609_101806.csv
2025-06-09 10:18:06,368 - INFO -  Fetching reviews for Dashen Bank Super App...
2025-06-09 10:18:27,823 - INFO - \u2705 Fetched 0 reviews for Dashen Bank Super App
2025-06-09 10:18:27,825 - INFO - \u2705 Saved 0 reviews for Dashen Bank Super App to data\Dashen_reviews_20250609_101827.csv
2025-06-09 10:19:27,867 - INFO -  Fetching reviews for Commercial Bank of Ethiopia...
2025-06-09 10:19:49,339 - INFO - \u2705 Fetched 0 reviews for Commercial Bank of Ethiopia
2025-06-09 10:19:49,339 - INFO - \u2705 Saved 0 reviews for Commercial Bank of Ethiopia to data\CBE_reviews_20250609_101949.csv
2025-06-09 10:19:49,340 - INFO -  Fetching reviews for Bank of Abyssinia...
2025-06-09 10:20:10,839 - INFO - \u2705 Fetched 0 reviews for Bank of Abyssinia
2025-06-09 10:20:10,840 - INFO - \u2705 Saved 0 reviews for Bank of Abyssinia to data\BOA_reviews_20250609_102010.csv
2025-06-09 10:20:10,840 - INFO -  Fetching reviews for Dashen Bank Super App...
2025-06-09 10:20:32,327 - INFO - \u2705 Fetched 0 reviews for Dashen Bank Super App
2025-06-09 10:20:32,328 - INFO - \u2705 Saved 0 reviews for Dashen Bank Super App to data\Dashen_reviews_20250609_102032.csv
2025-06-09 10:21:32,350 - INFO -  Fetching reviews for Commercial Bank of Ethiopia...
2025-06-09 10:21:53,852 - INFO - \u2705 Fetched 0 reviews for Commercial Bank of Ethiopia
2025-06-09 10:21:53,852 - INFO - \u2705 Saved 0 reviews for Commercial Bank of Ethiopia to data\CBE_reviews_20250609_102153.csv
2025-06-09 10:21:53,853 - INFO -  Fetching reviews for Bank of Abyssinia...
2025-06-09 10:22:15,329 - INFO - \u2705 Fetched 0 reviews for Bank of Abyssinia
2025-06-09 10:22:15,343 - INFO - \u2705 Saved 0 reviews for Bank of Abyssinia to data\BOA_reviews_20250609_102215.csv
2025-06-09 10:22:15,344 - INFO -  Fetching reviews for Dashen Bank Super App...
2025-06-09 10:22:37,119 - INFO - \u2705 Fetched 0 reviews for Dashen Bank Super App
2025-06-09 10:22:37,128 - INFO - \u2705 Saved 0 reviews for Dashen Bank Super App to data\Dashen_reviews_20250609_102237.csv
2025-06-09 10:23:37,152 - INFO -  Fetching reviews for Commercial Bank of Ethiopia...
2025-06-09 10:23:37,812 - INFO - \u2705 Fetched 0 reviews for Commercial Bank of Ethiopia
2025-06-09 10:23:37,814 - INFO - \u2705 Saved 0 reviews for Commercial Bank of Ethiopia to data\CBE_reviews_20250609_102337.csv
2025-06-09 10:23:37,814 - INFO -  Fetching reviews for Bank of Abyssinia...
2025-06-09 10:23:38,603 - INFO - \u2705 Fetched 0 reviews for Bank of Abyssinia
2025-06-09 10:23:38,606 - INFO - \u2705 Saved 0 reviews for Bank of Abyssinia to data\BOA_reviews_20250609_102338.csv
2025-06-09 10:23:38,606 - INFO -  Fetching reviews for Dashen Bank Super App...
2025-06-09 10:23:39,294 - INFO - \u2705 Fetched 0 reviews for Dashen Bank Super App
2025-06-09 10:23:39,295 - INFO - \u2705 Saved 0 reviews for Dashen Bank Super App to data\Dashen_reviews_20250609_102339.csv
2025-06-09 10:24:39,326 - INFO -  Fetching reviews for Commercial Bank of Ethiopia...
2025-06-09 10:24:39,959 - INFO - \u2705 Fetched 0 reviews for Commercial Bank of Ethiopia
2025-06-09 10:24:39,961 - INFO - \u2705 Saved 0 reviews for Commercial Bank of Ethiopia to data\CBE_reviews_20250609_102439.csv
2025-06-09 10:24:39,961 - INFO -  Fetching reviews for Bank of Abyssinia...
2025-06-09 10:24:40,637 - INFO - \u2705 Fetched 0 reviews for Bank of Abyssinia
2025-06-09 10:24:40,638 - INFO - \u2705 Saved 0 reviews for Bank of Abyssinia to data\BOA_reviews_20250609_102440.csv
2025-06-09 10:24:40,638 - INFO -  Fetching reviews for Dashen Bank Super App...
2025-06-09 10:24:41,301 - INFO - \u2705 Fetched 0 reviews for Dashen Bank Super App
2025-06-09 10:24:41,303 - INFO - \u2705 Saved 0 reviews for Dashen Bank Super App to data\Dashen_reviews_20250609_102441.csv
2025-06-09 10:25:41,329 - INFO -  Fetching reviews for Commercial Bank of Ethiopia...
2025-06-09 10:25:41,928 - INFO - \u2705 Fetched 0 reviews for Commercial Bank of Ethiopia
2025-06-09 10:25:41,929 - INFO - \u2705 Saved 0 reviews for Commercial Bank of Ethiopia to data\CBE_reviews_20250609_102541.csv
2025-06-09 10:25:41,929 - INFO -  Fetching reviews for Bank of Abyssinia...
2025-06-09 10:25:42,688 - INFO - \u2705 Fetched 0 reviews for Bank of Abyssinia
2025-06-09 10:25:42,690 - INFO - \u2705 Saved 0 reviews for Bank of Abyssinia to data\BOA_reviews_20250609_102542.csv
2025-06-09 10:25:42,691 - INFO -  Fetching reviews for Dashen Bank Super App...
2025-06-09 10:25:43,423 - INFO - \u2705 Fetched 0 reviews for Dashen Bank Super App
2025-06-09 10:25:43,424 - INFO - \u2705 Saved 0 reviews for Dashen Bank Super App to data\Dashen_reviews_20250609_102543.csv
2025-06-09 10:26:43,468 - INFO -  Fetching reviews for Commercial Bank of Ethiopia...
2025-06-09 10:26:44,562 - INFO - \u2705 Fetched 0 reviews for Commercial Bank of Ethiopia
2025-06-09 10:26:44,563 - INFO - \u2705 Saved 0 reviews for Commercial Bank of Ethiopia to data\CBE_reviews_20250609_102644.csv
2025-06-09 10:26:44,563 - INFO -  Fetching reviews for Bank of Abyssinia...
2025-06-09 10:26:45,298 - INFO - \u2705 Fetched 0 reviews for Bank of Abyssinia
2025-06-09 10:26:45,299 - INFO - \u2705 Saved 0 reviews for Bank of Abyssinia to data\BOA_reviews_20250609_102645.csv
2025-06-09 10:26:45,299 - INFO -  Fetching reviews for Dashen Bank Super App...
2025-06-09 10:26:45,951 - INFO - \u2705 Fetched 0 reviews for Dashen Bank Super App
2025-06-09 10:26:45,951 - INFO - \u2705 Saved 0 reviews for Dashen Bank Super App to data\Dashen_reviews_20250609_102645.csv
2025-06-09 10:28:27,943 - INFO - \U0001f504 Fetching reviews...
2025-06-09 10:28:28,934 - INFO - \u2705 Fetched 0 reviews
2025-06-09 10:28:28,935 - INFO - \u2705 Saved 0 reviews to Dashen_reviews_20250609_102828.csv
2025-06-09 10:29:28,992 - INFO - \U0001f504 Fetching reviews...
2025-06-09 10:29:29,601 - INFO - \u2705 Fetched 0 reviews
2025-06-09 10:29:29,602 - INFO - \u2705 Saved 0 reviews to Dashen_reviews_20250609_102929.csv
2025-06-09 10:30:29,628 - INFO - \U0001f504 Fetching reviews...
2025-06-09 10:30:51,082 - INFO - \u2705 Fetched 0 reviews
2025-06-09 10:30:51,084 - INFO - \u2705 Saved 0 reviews to Dashen_reviews_20250609_103051.csv
2025-06-09 10:31:51,109 - INFO - \U0001f504 Fetching reviews...
2025-06-09 10:31:59,196 - INFO - \u2705 Fetched 0 reviews
2025-06-09 10:31:59,198 - INFO - \u2705 Saved 0 reviews to Dashen_reviews_20250609_103159.csv
2025-06-09 10:32:59,225 - INFO - \U0001f504 Fetching reviews...
2025-06-09 10:32:59,836 - INFO - \u2705 Fetched 0 reviews
2025-06-09 10:32:59,838 - INFO - \u2705 Saved 0 reviews to Dashen_reviews_20250609_103259.csv
2025-06-09 10:33:59,866 - INFO - \U0001f504 Fetching reviews...
2025-06-09 10:34:00,596 - INFO - \u2705 Fetched 0 reviews
2025-06-09 10:34:00,598 - INFO - \u2705 Saved 0 reviews to Dashen_reviews_20250609_103400.csv
2025-06-09 10:35:00,626 - INFO - \U0001f504 Fetching reviews...
2025-06-09 10:35:01,309 - INFO - \u2705 Fetched 0 reviews
2025-06-09 10:35:01,310 - INFO - \u2705 Saved 0 reviews to Dashen_reviews_20250609_103501.csv
2025-06-09 10:36:01,337 - INFO - \U0001f504 Fetching reviews...
2025-06-09 10:36:02,401 - INFO - \u2705 Fetched 0 reviews
2025-06-09 10:36:02,403 - INFO - \u2705 Saved 0 reviews to Dashen_reviews_20250609_103602.csv
2025-06-09 10:37:02,431 - INFO - \U0001f504 Fetching reviews...
2025-06-09 10:37:03,053 - INFO - \u2705 Fetched 0 reviews
2025-06-09 10:37:03,055 - INFO - \u2705 Saved 0 reviews to Dashen_reviews_20250609_103703.csv
2025-06-09 10:38:03,083 - INFO - \U0001f504 Fetching reviews...
2025-06-09 10:38:03,690 - INFO - \u2705 Fetched 0 reviews
2025-06-09 10:38:03,691 - INFO - \u2705 Saved 0 reviews to Dashen_reviews_20250609_103803.csv
2025-06-09 10:39:03,722 - INFO - \U0001f504 Fetching reviews...
2025-06-09 10:39:04,456 - INFO - \u2705 Fetched 0 reviews
2025-06-09 10:39:04,458 - INFO - \u2705 Saved 0 reviews to Dashen_reviews_20250609_103904.csv
2025-06-09 10:40:04,540 - INFO - \U0001f504 Fetching reviews...
2025-06-09 10:40:05,200 - INFO - \u2705 Fetched 0 reviews
2025-06-09 10:40:05,200 - INFO - \u2705 Saved 0 reviews to Dashen_reviews_20250609_104005.csv
2025-06-09 10:41:05,226 - INFO - \U0001f504 Fetching reviews...
2025-06-09 10:41:06,384 - INFO - \u2705 Fetched 0 reviews
2025-06-09 10:41:06,385 - INFO - \u2705 Saved 0 reviews to Dashen_reviews_20250609_104106.csv
2025-06-09 10:42:06,411 - INFO - \U0001f504 Fetching reviews...
2025-06-09 10:42:07,085 - INFO - \u2705 Fetched 0 reviews
2025-06-09 10:42:07,087 - INFO - \u2705 Saved 0 reviews to Dashen_reviews_20250609_104207.csv
2025-06-09 10:43:07,111 - INFO - \U0001f504 Fetching reviews...
2025-06-09 10:43:07,837 - INFO - \u2705 Fetched 0 reviews
2025-06-09 10:43:07,838 - INFO - \u2705 Saved 0 reviews to Dashen_reviews_20250609_104307.csv
2025-06-09 10:44:07,861 - INFO - \U0001f504 Fetching reviews...
2025-06-09 10:44:08,457 - INFO - \u2705 Fetched 0 reviews
2025-06-09 10:44:08,458 - INFO - \u2705 Saved 0 reviews to Dashen_reviews_20250609_104408.csv
2025-06-09 10:45:08,480 - INFO - \U0001f504 Fetching reviews...
2025-06-09 10:45:09,514 - INFO - \u2705 Fetched 0 reviews
2025-06-09 10:45:09,514 - INFO - \u2705 Saved 0 reviews to Dashen_reviews_20250609_104509.csv
2025-06-09 10:46:09,572 - INFO - \U0001f504 Fetching reviews...
2025-06-09 10:46:10,299 - INFO - \u2705 Fetched 0 reviews
2025-06-09 10:46:10,300 - INFO - \u2705 Saved 0 reviews to Dashen_reviews_20250609_104610.csv
2025-06-09 10:47:10,325 - INFO - \U0001f504 Fetching reviews...
2025-06-09 10:47:11,052 - INFO - \u2705 Fetched 0 reviews
2025-06-09 10:47:11,053 - INFO - \u2705 Saved 0 reviews to Dashen_reviews_20250609_104711.csv
2025-06-09 10:48:11,076 - INFO - \U0001f504 Fetching reviews...
2025-06-09 10:48:11,677 - INFO - \u2705 Fetched 0 reviews
2025-06-09 10:48:11,677 - INFO - \u2705 Saved 0 reviews to Dashen_reviews_20250609_104811.csv
2025-06-09 10:49:11,699 - INFO - \U0001f504 Fetching reviews...
2025-06-09 10:49:12,362 - INFO - \u2705 Fetched 0 reviews
2025-06-09 10:49:12,363 - INFO - \u2705 Saved 0 reviews to Dashen_reviews_20250609_104912.csv
2025-06-09 10:50:12,388 - INFO - \U0001f504 Fetching reviews...
2025-06-09 10:50:34,197 - INFO - \u2705 Fetched 0 reviews
2025-06-09 10:50:34,198 - INFO - \u2705 Saved 0 reviews to Dashen_reviews_20250609_105034.csv
2025-06-09 10:51:34,220 - INFO - \U0001f504 Fetching reviews...
2025-06-09 10:52:37,347 - INFO - \u2705 Fetched 0 reviews
2025-06-09 10:52:37,361 - INFO - \u2705 Saved 0 reviews to Dashen_reviews_20250609_105237.csv
2025-06-09 10:53:37,385 - INFO - \U0001f504 Fetching reviews...
2025-06-09 10:53:59,155 - INFO - \u2705 Fetched 0 reviews
2025-06-09 10:53:59,155 - INFO - \u2705 Saved 0 reviews to Dashen_reviews_20250609_105359.csv
2025-06-09 10:54:59,180 - INFO - \U0001f504 Fetching reviews...
2025-06-09 10:54:59,835 - INFO - \u2705 Fetched 0 reviews
2025-06-09 10:54:59,836 - INFO - \u2705 Saved 0 reviews to Dashen_reviews_20250609_105459.csv
2025-06-09 10:55:59,863 - INFO - \U0001f504 Fetching reviews...
2025-06-09 10:56:00,461 - INFO - \u2705 Fetched 0 reviews
2025-06-09 10:56:00,462 - INFO - \u2705 Saved 0 reviews to Dashen_reviews_20250609_105600.csv
2025-06-09 10:57:00,487 - INFO - \U0001f504 Fetching reviews...
2025-06-09 10:57:01,151 - INFO - \u2705 Fetched 0 reviews
2025-06-09 10:57:01,152 - INFO - \u2705 Saved 0 reviews to Dashen_reviews_20250609_105701.csv
2025-06-09 10:58:01,177 - INFO - \U0001f504 Fetching reviews...
2025-06-09 10:58:01,903 - INFO - \u2705 Fetched 0 reviews
2025-06-09 10:58:01,904 - INFO - \u2705 Saved 0 reviews to Dashen_reviews_20250609_105801.csv
